<?xml version="1.0" encoding="UTF-8"?>
<!-- Generated by org.testng.reporters.JUnitReportReporter -->
<testsuite hostname="Huawei_Notebook" failures="0" tests="6" name="gridtest.ParallelGridTest" time="24.885" errors="0" timestamp="2026-06-13T23:22:11 PKT" skipped="0">
  <testcase classname="gridtest.ParallelGridTest" name="testPageLoads" time="5.294"/>
  <testcase classname="gridtest.ParallelGridTest" name="testPageLoads" time="7.166"/>
  <testcase classname="gridtest.ParallelGridTest" name="testLoginButtonExists" time="3.118"/>
  <testcase classname="gridtest.ParallelGridTest" name="testLoginButtonExists" time="3.107"/>
  <testcase classname="gridtest.ParallelGridTest" name="testCreateAccountButtonExists" time="3.114"/>
  <testcase classname="gridtest.ParallelGridTest" name="testCreateAccountButtonExists" time="3.086"/>
</testsuite> <!-- gridtest.ParallelGridTest -->
