<?xml version="1.0" encoding="UTF-8"?>
<testng-results ignored="0" total="6" passed="6" failed="0" skipped="0">
  <reporter-output>
  </reporter-output>
  <suite started-at="2026-06-13T23:21:55 PKT" name="Grid Parallel Suite" finished-at="2026-06-13T23:22:10 PKT" duration-ms="15226">
    <groups>
    </groups>
    <test started-at="2026-06-13T23:21:55 PKT" name="Chrome Browser Test" finished-at="2026-06-13T23:22:10 PKT" duration-ms="14797">
      <class name="gridtest.ParallelGridTest">
        <test-method is-config="true" signature="setup(java.lang.String)[pri:0, instance:gridtest.ParallelGridTest@1165b38]" started-at="2026-06-13T23:21:55 PKT" name="setup" finished-at="2026-06-13T23:21:56 PKT" duration-ms="1303" status="PASS">
          <params>
            <param index="0">
              <value>
                <![CDATA[chrome]]>
              </value>
            </param>
          </params>
          <reporter-output>
          </reporter-output>
        </test-method> <!-- setup -->
        <test-method signature="testPageLoads()[pri:1, instance:gridtest.ParallelGridTest@1165b38]" started-at="2026-06-13T23:21:57 PKT" name="testPageLoads" finished-at="2026-06-13T23:22:04 PKT" duration-ms="7166" status="PASS">
          <reporter-output>
          </reporter-output>
        </test-method> <!-- testPageLoads -->
        <test-method signature="testLoginButtonExists()[pri:2, instance:gridtest.ParallelGridTest@1165b38]" started-at="2026-06-13T23:22:04 PKT" name="testLoginButtonExists" finished-at="2026-06-13T23:22:07 PKT" duration-ms="3107" status="PASS">
          <reporter-output>
          </reporter-output>
        </test-method> <!-- testLoginButtonExists -->
        <test-method signature="testCreateAccountButtonExists()[pri:3, instance:gridtest.ParallelGridTest@1165b38]" started-at="2026-06-13T23:22:07 PKT" name="testCreateAccountButtonExists" finished-at="2026-06-13T23:22:10 PKT" duration-ms="3086" status="PASS">
          <reporter-output>
          </reporter-output>
        </test-method> <!-- testCreateAccountButtonExists -->
        <test-method is-config="true" signature="teardown()[pri:0, instance:gridtest.ParallelGridTest@1165b38]" started-at="2026-06-13T23:22:10 PKT" name="teardown" finished-at="2026-06-13T23:22:10 PKT" duration-ms="92" status="PASS">
          <reporter-output>
          </reporter-output>
        </test-method> <!-- teardown -->
      </class> <!-- gridtest.ParallelGridTest -->
    </test> <!-- Chrome Browser Test -->
    <test started-at="2026-06-13T23:21:55 PKT" name="Firefox Browser Test" finished-at="2026-06-13T23:22:10 PKT" duration-ms="15226">
      <class name="gridtest.ParallelGridTest">
        <test-method is-config="true" signature="setup(java.lang.String)[pri:0, instance:gridtest.ParallelGridTest@4c178a76]" started-at="2026-06-13T23:21:55 PKT" name="setup" finished-at="2026-06-13T23:21:58 PKT" duration-ms="2962" status="PASS">
          <params>
            <param index="0">
              <value>
                <![CDATA[firefox]]>
              </value>
            </param>
          </params>
          <reporter-output>
          </reporter-output>
        </test-method> <!-- setup -->
        <test-method signature="testPageLoads()[pri:1, instance:gridtest.ParallelGridTest@4c178a76]" started-at="2026-06-13T23:21:58 PKT" name="testPageLoads" finished-at="2026-06-13T23:22:03 PKT" duration-ms="5294" status="PASS">
          <reporter-output>
          </reporter-output>
        </test-method> <!-- testPageLoads -->
        <test-method signature="testLoginButtonExists()[pri:2, instance:gridtest.ParallelGridTest@4c178a76]" started-at="2026-06-13T23:22:03 PKT" name="testLoginButtonExists" finished-at="2026-06-13T23:22:07 PKT" duration-ms="3118" status="PASS">
          <reporter-output>
          </reporter-output>
        </test-method> <!-- testLoginButtonExists -->
        <test-method signature="testCreateAccountButtonExists()[pri:3, instance:gridtest.ParallelGridTest@4c178a76]" started-at="2026-06-13T23:22:07 PKT" name="testCreateAccountButtonExists" finished-at="2026-06-13T23:22:10 PKT" duration-ms="3114" status="PASS">
          <reporter-output>
          </reporter-output>
        </test-method> <!-- testCreateAccountButtonExists -->
        <test-method is-config="true" signature="teardown()[pri:0, instance:gridtest.ParallelGridTest@4c178a76]" started-at="2026-06-13T23:22:10 PKT" name="teardown" finished-at="2026-06-13T23:22:10 PKT" duration-ms="709" status="PASS">
          <reporter-output>
          </reporter-output>
        </test-method> <!-- teardown -->
      </class> <!-- gridtest.ParallelGridTest -->
    </test> <!-- Firefox Browser Test -->
  </suite> <!-- Grid Parallel Suite -->
</testng-results>
